Building DAG of jobs...
Using shell: /usr/bin/bash
Provided cores: 1 (use --cores to define parallelism)
Rules claiming more threads will be scaled down.
Job stats:
job               count
--------------  -------
Final_plotting        1
all                   1
total                 2

Resources before job selection: {'_cores': 1, '_nodes': 9223372036854775807}
Ready jobs (1)
Select jobs to execute...
Using greedy selector because only single job has to be scheduled.
Selected jobs (1)
Resources after job selection: {'_cores': 0, '_nodes': 9223372036854775806}

[Sun Oct 27 22:32:23 2024]
rule Final_plotting:
    input: outp_file/mearged_plotting.tsv
    output: outp_file/box_plot.png
    jobid: 4
    reason: Missing output files: outp_file/box_plot.png
    resources: tmpdir=/tmp


        Rscript --vanilla ploting_data.R outp_file/mearged_plotting.tsv outp_file/box_plot.png
        
[Sun Oct 27 22:32:25 2024]
Finished job 4.
1 of 2 steps (50%) done
Resources before job selection: {'_cores': 1, '_nodes': 9223372036854775807}
Ready jobs (1)
Select jobs to execute...
Using greedy selector because only single job has to be scheduled.
Selected jobs (1)
Resources after job selection: {'_cores': 0, '_nodes': 9223372036854775806}

[Sun Oct 27 22:32:25 2024]
localrule all:
    input: outp_file/final_data_file.tsv, outp_file/sample_sheet.tsv, outp_file/mearged_plotting.tsv, outp_file/box_plot.png
    jobid: 0
    reason: Input files updated by another job: outp_file/box_plot.png
    resources: tmpdir=/tmp

[Sun Oct 27 22:32:25 2024]
Finished job 0.
2 of 2 steps (100%) done
Complete log: .snakemake/log/2024-10-27T223222.217506.snakemake.log
unlocking
removing lock
removing lock
removed all locks
