Building DAG of jobs...
Using shell: /usr/bin/bash
Provided cores: 2
Rules claiming more threads will be scaled down.
Job stats:
job             count
------------  -------
Sample_sheet        1
all                 1
total               2

Select jobs to execute...

[Sun Oct 27 03:05:30 2024]
rule Sample_sheet:
    input: outp_file/final_data_file.tsv, gdc_sample_sheet.tsv
    output: outp_file/sample_sheet.tsv
    jobid: 2
    reason: Missing output files: outp_file/sample_sheet.tsv
    wildcards: she=sheet
    resources: tmpdir=/tmp

[Sun Oct 27 03:10:17 2024]
Finished job 2.
1 of 2 steps (50%) done
Select jobs to execute...

[Sun Oct 27 03:10:17 2024]
localrule all:
    input: outp_file/final_data_file.tsv, outp_file/sample_sheet.tsv
    jobid: 0
    reason: Input files updated by another job: outp_file/sample_sheet.tsv
    resources: tmpdir=/tmp

[Sun Oct 27 03:10:17 2024]
Finished job 0.
2 of 2 steps (100%) done
Complete log: .snakemake/log/2024-10-27T030529.093924.snakemake.log
