Building DAG of jobs...
Using shell: /usr/bin/bash
Provided cores: 2
Rules claiming more threads will be scaled down.
Job stats:
job               count
--------------  -------
Final_plotting        1
all                   1
total                 2

Select jobs to execute...

[Sun Oct 27 19:23:40 2024]
rule Final_plotting:
    input: outp_file/mearged_plotting.tsv
    output: outp_file/box_plot.png
    jobid: 4
    reason: Missing output files: outp_file/box_plot.png
    resources: tmpdir=/tmp

[Sun Oct 27 19:23:41 2024]
Error in rule Final_plotting:
    jobid: 4
    input: outp_file/mearged_plotting.tsv
    output: outp_file/box_plot.png
    shell:
        Rscripts ploting_data.R outp_file/mearged_plotting outp_file/box_plot.png
        (one of the commands exited with non-zero exit code; note that snakemake uses bash strict mode!)

Shutting down, this might take some time.
Exiting because a job execution failed. Look above for error message
Complete log: .snakemake/log/2024-10-27T192338.899736.snakemake.log
