Building DAG of jobs...
Using shell: /usr/bin/bash
Provided cores: 1 (use --cores to define parallelism)
Rules claiming more threads will be scaled down.
Job stats:
job      count
-----  -------
all          1
total        1

Select jobs to execute...

[Mon Oct 28 13:43:58 2024]
localrule all:
    input: outp_file/final_data_file.tsv, outp_file/box_plot.png
    jobid: 0
    reason: Forced execution
    resources: tmpdir=/tmp

[Mon Oct 28 13:43:58 2024]
Finished job 0.
1 of 1 steps (100%) done
Complete log: .snakemake/log/2024-10-28T134357.645830.snakemake.log
