Building DAG of jobs...
Using shell: /usr/bin/bash
Provided cores: 1 (use --cores to define parallelism)
Rules claiming more threads will be scaled down.
Job stats:
job               count
--------------  -------
Final_plotting        1
all                   1
total                 2

Select jobs to execute...

[Mon Oct 28 13:51:26 2024]
rule Final_plotting:
    input: outp_file/sample_sheet.tsv
    output: outp_file/box_plot.png
    jobid: 3
    reason: Missing output files: outp_file/box_plot.png
    resources: tmpdir=/tmp

[Mon Oct 28 13:51:27 2024]
Finished job 3.
1 of 2 steps (50%) done
Select jobs to execute...

[Mon Oct 28 13:51:27 2024]
localrule all:
    input: outp_file/final_data_file.tsv, outp_file/sample_sheet.tsv, outp_file/box_plot.png
    jobid: 0
    reason: Forced execution
    resources: tmpdir=/tmp

[Mon Oct 28 13:51:27 2024]
Finished job 0.
2 of 2 steps (100%) done
Complete log: .snakemake/log/2024-10-28T135125.616372.snakemake.log
